[debug] [2020-12-11T08:04:23.402Z] ----------------------------------------------------------------------
[debug] [2020-12-11T08:04:23.407Z] Command:       C:\Program Files\nodejs\node.exe C:\Users\asus\AppData\Roaming\npm\node_modules\firebase-tools\lib\bin\firebase.js emulators:start
[debug] [2020-12-11T08:04:23.407Z] CLI Version:   8.18.0
[debug] [2020-12-11T08:04:23.408Z] Platform:      win32
[debug] [2020-12-11T08:04:23.408Z] Node Version:  v14.15.0
[debug] [2020-12-11T08:04:23.409Z] Time:          Fri Dec 11 2020 13:34:23 GMT+0530 (India Standard Time)
[debug] [2020-12-11T08:04:23.410Z] ----------------------------------------------------------------------
[debug] [2020-12-11T08:04:23.410Z] 
[debug] [2020-12-11T08:04:23.427Z] >>> [apiv2][query] GET https://firebase-public.firebaseio.com/cli.json [none]
[debug] [2020-12-11T08:04:23.489Z] > command requires scopes: ["email","openid","https://www.googleapis.com/auth/cloudplatformprojects.readonly","https://www.googleapis.com/auth/firebase","https://www.googleapis.com/auth/cloud-platform"]
[debug] [2020-12-11T08:04:23.490Z] > authorizing via signed-in user
[info] i  emulators: Starting emulators: functions, hosting {"metadata":{"emulator":{"name":"hub"},"message":"Starting emulators: functions, hosting"}}
[warn] !  emulators: It seems that you are running multiple instances of the emulator suite for project clone-3094e. This may result in unexpected behavior. 
[debug] [2020-12-11T08:04:23.608Z] [hub] writing locator at C:\Users\asus\AppData\Local\Temp\hub-clone-3094e.json
[warn] !  functions: The following emulators are not running, calls to these services from the Functions emulator will affect production: auth, firestore, database, pubsub {"metadata":{"emulator":{"name":"functions"},"message":"The following emulators are not running, calls to these services from the Functions emulator will affect production: \u001b[1mauth, firestore, database, pubsub\u001b[22m"}}
[warn] !  Your requested "node" version "12" doesn't match your global version "14" {"metadata":{"emulator":{"name":"functions"},"message":"Your requested \"node\" version \"12\" doesn't match your global version \"14\""}}
[debug] [2020-12-11T08:04:23.956Z] defaultcredentials: writing to file C:\Users\asus\AppData\Roaming\firebase\wills4986_gmail_com_application_default_credentials.json
[debug] [2020-12-11T08:04:23.964Z] Setting GAC to C:\Users\asus\AppData\Roaming\firebase\wills4986_gmail_com_application_default_credentials.json {"metadata":{"emulator":{"name":"functions"},"message":"Setting GAC to C:\\Users\\asus\\AppData\\Roaming\\firebase\\wills4986_gmail_com_application_default_credentials.json"}}
[debug] [2020-12-11T08:04:23.985Z] > refreshing access token with scopes: ["email","https://www.googleapis.com/auth/cloud-platform","https://www.googleapis.com/auth/cloudplatformprojects.readonly","https://www.googleapis.com/auth/firebase","openid"]
[debug] [2020-12-11T08:04:23.986Z] >>> HTTP REQUEST POST https://www.googleapis.com/oauth2/v3/token  
 <request body omitted>
[debug] [2020-12-11T08:04:24.269Z] <<< HTTP RESPONSE 200 {"date":"Fri, 11 Dec 2020 08:04:23 GMT","cache-control":"no-cache, no-store, max-age=0, must-revalidate","expires":"Mon, 01 Jan 1990 00:00:00 GMT","pragma":"no-cache","content-type":"application/json; charset=utf-8","vary":"X-Origin, Referer, Origin,Accept-Encoding","server":"scaffolding on HTTPServer2","x-xss-protection":"0","x-frame-options":"SAMEORIGIN","x-content-type-options":"nosniff","alt-svc":"h3-29=\":443\"; ma=2592000,h3-T051=\":443\"; ma=2592000,h3-Q050=\":443\"; ma=2592000,h3-Q046=\":443\"; ma=2592000,h3-Q043=\":443\"; ma=2592000,quic=\":443\"; ma=2592000; v=\"46,43\"","accept-ranges":"none","transfer-encoding":"chunked"}
[debug] [2020-12-11T08:04:24.326Z] >>> HTTP REQUEST GET https://firebase.googleapis.com/v1beta1/projects/clone-3094e/webApps/-/config  
 
[debug] [2020-12-11T08:04:24.638Z] <<< [apiv2][status] GET https://firebase-public.firebaseio.com/cli.json 200
[debug] [2020-12-11T08:04:24.638Z] <<< [apiv2][body] GET https://firebase-public.firebaseio.com/cli.json {"cloudBuildErrorAfter":1594252800000,"cloudBuildWarnAfter":1590019200000,"defaultNode10After":1594252800000,"minVersion":"3.0.5","node8DeploysDisabledAfter":1613390400000,"node8RuntimeDisabledAfter":1615809600000,"node8WarnAfter":1600128000000}
[debug] [2020-12-11T08:04:25.826Z] <<< HTTP RESPONSE 200 {"content-type":"application/json; charset=UTF-8","vary":"X-Origin, Referer, Origin,Accept-Encoding","date":"Fri, 11 Dec 2020 08:04:25 GMT","server":"ESF","cache-control":"private","x-xss-protection":"0","x-frame-options":"SAMEORIGIN","x-content-type-options":"nosniff","alt-svc":"h3-29=\":443\"; ma=2592000,h3-T051=\":443\"; ma=2592000,h3-Q050=\":443\"; ma=2592000,h3-Q046=\":443\"; ma=2592000,h3-Q043=\":443\"; ma=2592000,quic=\":443\"; ma=2592000; v=\"46,43\"","accept-ranges":"none","transfer-encoding":"chunked"}
[info] i  hosting: Serving hosting files from: build {"metadata":{"emulator":{"name":"hosting"},"message":"Serving hosting files from: \u001b[1mbuild\u001b[22m"}}
[info] +  hosting: Local server: http://localhost:5000 {"metadata":{"emulator":{"name":"hosting"},"message":"Local server: \u001b[4m\u001b[1mhttp://localhost:5000\u001b[22m\u001b[24m"}}
[warn] !  ui: Emulator UI unable to start on port 4000, starting on 4001 instead. {"metadata":{"emulator":{"name":"ui"},"message":"Emulator UI unable to start on port 4000, starting on 4001 instead."}}
[debug] [2020-12-11T08:04:26.522Z] Ignoring unsupported arg: auto_download {"metadata":{"emulator":{"name":"ui"},"message":"Ignoring unsupported arg: auto_download"}}
[debug] [2020-12-11T08:04:26.522Z] Ignoring unsupported arg: port {"metadata":{"emulator":{"name":"ui"},"message":"Ignoring unsupported arg: port"}}
[debug] [2020-12-11T08:04:26.522Z] Starting Emulator UI with command {"binary":"node","args":["C:\\Users\\asus\\.cache\\firebase\\emulators\\ui-v1.3.0\\server.bundle.js"],"optionalArgs":[],"joinArgs":false} {"metadata":{"emulator":{"name":"ui"},"message":"Starting Emulator UI with command {\"binary\":\"node\",\"args\":[\"C:\\\\Users\\\\asus\\\\.cache\\\\firebase\\\\emulators\\\\ui-v1.3.0\\\\server.bundle.js\"],\"optionalArgs\":[],\"joinArgs\":false}"}}
[info] i  ui: Emulator UI logging to ui-debug.log {"metadata":{"emulator":{"name":"ui"},"message":"Emulator UI logging to \u001b[1mui-debug.log\u001b[22m"}}
[debug] [2020-12-11T08:04:26.785Z] Web / API server started at http://localhost:4001
 {"metadata":{"emulator":{"name":"ui"},"message":"Web / API server started at http://localhost:4001\n"}}
[info] i  functions: Watching "D:\Large Projects\Amazon clone\amazon-clone\functions" for Cloud Functions... {"metadata":{"emulator":{"name":"functions"},"message":"Watching \"D:\\Large Projects\\Amazon clone\\amazon-clone\\functions\" for Cloud Functions..."}}
[debug] [2020-12-11T08:04:26.901Z] [worker-pool] addWorker(~diagnostic~) {"metadata":{"emulator":{"name":"functions"},"message":"[worker-pool] addWorker(~diagnostic~)"}}
[debug] [2020-12-11T08:04:26.901Z] [worker-pool] Adding worker with key ~diagnostic~, total=1 {"metadata":{"emulator":{"name":"functions"},"message":"[worker-pool] Adding worker with key ~diagnostic~, total=1"}}
[debug] [2020-12-11T08:04:26.901Z] [worker-pool] submitWork(triggerId=) {"metadata":{"emulator":{"name":"functions"},"message":"[worker-pool] submitWork(triggerId=)"}}
[debug] [2020-12-11T08:04:26.902Z] [worker-~diagnostic~-e9411505-fd2a-4f97-af4e-08e61848935c]: Assigning socketPath: \\?\pipe\D:\Large Projects\Amazon clone\amazon-clone\functions\8724 {"metadata":{"emulator":{"name":"functions"},"message":"[worker-~diagnostic~-e9411505-fd2a-4f97-af4e-08e61848935c]: Assigning socketPath: \\\\?\\pipe\\D:\\Large Projects\\Amazon clone\\amazon-clone\\functions\\8724"}}
[debug] [2020-12-11T08:04:26.902Z] [worker-~diagnostic~-e9411505-fd2a-4f97-af4e-08e61848935c]: BUSY {"metadata":{"emulator":{"name":"functions"},"message":"[worker-~diagnostic~-e9411505-fd2a-4f97-af4e-08e61848935c]: BUSY"}}
[debug] [2020-12-11T08:04:27.259Z] [runtime-status] [8724] Functions runtime initialized. {"cwd":"D:\\Large Projects\\Amazon clone\\amazon-clone\\functions","node_version":"14.15.0"} {"metadata":{"emulator":{"name":"functions"},"message":"[runtime-status] [8724] Functions runtime initialized. {\"cwd\":\"D:\\\\Large Projects\\\\Amazon clone\\\\amazon-clone\\\\functions\",\"node_version\":\"14.15.0\"}"}}
[debug] [2020-12-11T08:04:27.262Z] [runtime-status] [8724] Disabled runtime features: undefined {"metadata":{"emulator":{"name":"functions"},"message":"[runtime-status] [8724] Disabled runtime features: undefined"}}
[debug] [2020-12-11T08:04:27.298Z] [runtime-status] [8724] Resolved module firebase-admin {"declared":true,"installed":true,"version":"9.4.2","resolution":"D:\\Large Projects\\Amazon clone\\amazon-clone\\functions\\node_modules\\firebase-admin\\lib\\index.js"} {"metadata":{"emulator":{"name":"functions"},"message":"[runtime-status] [8724] Resolved module firebase-admin {\"declared\":true,\"installed\":true,\"version\":\"9.4.2\",\"resolution\":\"D:\\\\Large Projects\\\\Amazon clone\\\\amazon-clone\\\\functions\\\\node_modules\\\\firebase-admin\\\\lib\\\\index.js\"}"}}
[debug] [2020-12-11T08:04:27.301Z] [runtime-status] [8724] Resolved module firebase-functions {"declared":true,"installed":true,"version":"3.13.0","resolution":"D:\\Large Projects\\Amazon clone\\amazon-clone\\functions\\node_modules\\firebase-functions\\lib\\index.js"} {"metadata":{"emulator":{"name":"functions"},"message":"[runtime-status] [8724] Resolved module firebase-functions {\"declared\":true,\"installed\":true,\"version\":\"3.13.0\",\"resolution\":\"D:\\\\Large Projects\\\\Amazon clone\\\\amazon-clone\\\\functions\\\\node_modules\\\\firebase-functions\\\\lib\\\\index.js\"}"}}
[debug] [2020-12-11T08:04:27.303Z] [runtime-status] [8724] Resolved module firebase-functions {"declared":true,"installed":true,"version":"3.13.0","resolution":"D:\\Large Projects\\Amazon clone\\amazon-clone\\functions\\node_modules\\firebase-functions\\lib\\index.js"} {"metadata":{"emulator":{"name":"functions"},"message":"[runtime-status] [8724] Resolved module firebase-functions {\"declared\":true,\"installed\":true,\"version\":\"3.13.0\",\"resolution\":\"D:\\\\Large Projects\\\\Amazon clone\\\\amazon-clone\\\\functions\\\\node_modules\\\\firebase-functions\\\\lib\\\\index.js\"}"}}
[debug] [2020-12-11T08:04:27.306Z] [runtime-status] [8724] Outgoing network have been stubbed. [{"name":"http","status":"mocked"},{"name":"http","status":"mocked"},{"name":"https","status":"mocked"},{"name":"https","status":"mocked"},{"name":"net","status":"mocked"}] {"metadata":{"emulator":{"name":"functions"},"message":"[runtime-status] [8724] Outgoing network have been stubbed. [{\"name\":\"http\",\"status\":\"mocked\"},{\"name\":\"http\",\"status\":\"mocked\"},{\"name\":\"https\",\"status\":\"mocked\"},{\"name\":\"https\",\"status\":\"mocked\"},{\"name\":\"net\",\"status\":\"mocked\"}]"}}
[debug] [2020-12-11T08:04:27.307Z] [runtime-status] [8724] Resolved module firebase-functions {"declared":true,"installed":true,"version":"3.13.0","resolution":"D:\\Large Projects\\Amazon clone\\amazon-clone\\functions\\node_modules\\firebase-functions\\lib\\index.js"} {"metadata":{"emulator":{"name":"functions"},"message":"[runtime-status] [8724] Resolved module firebase-functions {\"declared\":true,\"installed\":true,\"version\":\"3.13.0\",\"resolution\":\"D:\\\\Large Projects\\\\Amazon clone\\\\amazon-clone\\\\functions\\\\node_modules\\\\firebase-functions\\\\lib\\\\index.js\"}"}}
[debug] [2020-12-11T08:04:28.383Z] [runtime-status] [8724] Checked functions.config() {"config":{}} {"metadata":{"emulator":{"name":"functions"},"message":"[runtime-status] [8724] Checked functions.config() {\"config\":{}}"}}
[debug] [2020-12-11T08:04:28.383Z] [runtime-status] [8724] firebase-functions has been stubbed. {"functionsResolution":{"declared":true,"installed":true,"version":"3.13.0","resolution":"D:\\Large Projects\\Amazon clone\\amazon-clone\\functions\\node_modules\\firebase-functions\\lib\\index.js"}} {"metadata":{"emulator":{"name":"functions"},"message":"[runtime-status] [8724] firebase-functions has been stubbed. {\"functionsResolution\":{\"declared\":true,\"installed\":true,\"version\":\"3.13.0\",\"resolution\":\"D:\\\\Large Projects\\\\Amazon clone\\\\amazon-clone\\\\functions\\\\node_modules\\\\firebase-functions\\\\lib\\\\index.js\"}}"}}
[debug] [2020-12-11T08:04:28.384Z] [runtime-status] [8724] Resolved module firebase-functions {"declared":true,"installed":true,"version":"3.13.0","resolution":"D:\\Large Projects\\Amazon clone\\amazon-clone\\functions\\node_modules\\firebase-functions\\lib\\index.js"} {"metadata":{"emulator":{"name":"functions"},"message":"[runtime-status] [8724] Resolved module firebase-functions {\"declared\":true,\"installed\":true,\"version\":\"3.13.0\",\"resolution\":\"D:\\\\Large Projects\\\\Amazon clone\\\\amazon-clone\\\\functions\\\\node_modules\\\\firebase-functions\\\\lib\\\\index.js\"}"}}
[debug] [2020-12-11T08:04:28.386Z] [runtime-status] [8724] Resolved module firebase-admin {"declared":true,"installed":true,"version":"9.4.2","resolution":"D:\\Large Projects\\Amazon clone\\amazon-clone\\functions\\node_modules\\firebase-admin\\lib\\index.js"} {"metadata":{"emulator":{"name":"functions"},"message":"[runtime-status] [8724] Resolved module firebase-admin {\"declared\":true,\"installed\":true,\"version\":\"9.4.2\",\"resolution\":\"D:\\\\Large Projects\\\\Amazon clone\\\\amazon-clone\\\\functions\\\\node_modules\\\\firebase-admin\\\\lib\\\\index.js\"}"}}
[debug] [2020-12-11T08:04:28.387Z] [runtime-status] [8724] Resolved module firebase-functions {"declared":true,"installed":true,"version":"3.13.0","resolution":"D:\\Large Projects\\Amazon clone\\amazon-clone\\functions\\node_modules\\firebase-functions\\lib\\index.js"} {"metadata":{"emulator":{"name":"functions"},"message":"[runtime-status] [8724] Resolved module firebase-functions {\"declared\":true,\"installed\":true,\"version\":\"3.13.0\",\"resolution\":\"D:\\\\Large Projects\\\\Amazon clone\\\\amazon-clone\\\\functions\\\\node_modules\\\\firebase-functions\\\\lib\\\\index.js\"}"}}
[debug] [2020-12-11T08:04:28.388Z] [runtime-status] [8724] firebase-admin has been stubbed. {"adminResolution":{"declared":true,"installed":true,"version":"9.4.2","resolution":"D:\\Large Projects\\Amazon clone\\amazon-clone\\functions\\node_modules\\firebase-admin\\lib\\index.js"}} {"metadata":{"emulator":{"name":"functions"},"message":"[runtime-status] [8724] firebase-admin has been stubbed. {\"adminResolution\":{\"declared\":true,\"installed\":true,\"version\":\"9.4.2\",\"resolution\":\"D:\\\\Large Projects\\\\Amazon clone\\\\amazon-clone\\\\functions\\\\node_modules\\\\firebase-admin\\\\lib\\\\index.js\"}}"}}
[info] +  functions[api]: http function initialized (http://localhost:5001/clone-3094e/us-central1/api). {"metadata":{"emulator":{"name":"functions"},"message":"\u001b[1mhttp\u001b[22m function initialized (http://localhost:5001/clone-3094e/us-central1/api)."}}
[info] 
┌────────────────────────────────────────────────────────────────┐
│ ✔  All emulators ready! View status and logs at localhost:4001 │
└────────────────────────────────────────────────────────────────┘

┌───────────┬────────────────┬──────────────────────────┐
│ Emulator  │ Host:Port      │ View in Emulator UI      │
├───────────┼────────────────┼──────────────────────────┤
│ Functions │ localhost:5001 │ localhost:4001/functions │
├───────────┼────────────────┼──────────────────────────┤
│ Hosting   │ localhost:5000 │ n/a                      │
└───────────┴────────────────┴──────────────────────────┘
  Other reserved ports: 4400, 4500

Issues? Report them at https://github.com/firebase/firebase-tools/issues and attach the *-debug.log files.
 
[debug] [2020-12-11T08:04:31.088Z] [worker-~diagnostic~-e9411505-fd2a-4f97-af4e-08e61848935c]: IDLE {"metadata":{"emulator":{"name":"functions"},"message":"[worker-~diagnostic~-e9411505-fd2a-4f97-af4e-08e61848935c]: IDLE"}}
[debug] [2020-12-11T08:04:34.637Z] [work-queue] {"queueLength":1,"workRunningCount":0}
[debug] [2020-12-11T08:04:34.638Z] [work-queue] {"queueLength":0,"workRunningCount":1}
[debug] [2020-12-11T08:04:34.639Z] Accepted request POST /clone-3094e/us-central1/api/payments/create?total=6929700 --> api
[debug] [2020-12-11T08:04:34.652Z] [worker-pool] addWorker(api) {"metadata":{"emulator":{"name":"functions"},"message":"[worker-pool] addWorker(api)"}}
[debug] [2020-12-11T08:04:34.653Z] [worker-pool] Adding worker with key api, total=1 {"metadata":{"emulator":{"name":"functions"},"message":"[worker-pool] Adding worker with key api, total=1"}}
[debug] [2020-12-11T08:04:34.653Z] [worker-pool] submitWork(triggerId=api) {"metadata":{"emulator":{"name":"functions"},"message":"[worker-pool] submitWork(triggerId=api)"}}
[debug] [2020-12-11T08:04:34.654Z] [worker-api-717dadf4-55c2-4475-9257-da9d0b83b6da]: Assigning socketPath: \\?\pipe\D:\Large Projects\Amazon clone\amazon-clone\functions\6208 {"metadata":{"emulator":{"name":"functions"},"message":"[worker-api-717dadf4-55c2-4475-9257-da9d0b83b6da]: Assigning socketPath: \\\\?\\pipe\\D:\\Large Projects\\Amazon clone\\amazon-clone\\functions\\6208"}}
[debug] [2020-12-11T08:04:34.654Z] [worker-api-717dadf4-55c2-4475-9257-da9d0b83b6da]: BUSY {"metadata":{"emulator":{"name":"functions"},"message":"[worker-api-717dadf4-55c2-4475-9257-da9d0b83b6da]: BUSY"}}
[debug] [2020-12-11T08:04:35.119Z] [runtime-status] [6208] Functions runtime initialized. {"cwd":"D:\\Large Projects\\Amazon clone\\amazon-clone\\functions","node_version":"14.15.0"} {"metadata":{"emulator":{"name":"functions"},"function":{"name":"api"},"message":"[runtime-status] [6208] Functions runtime initialized. {\"cwd\":\"D:\\\\Large Projects\\\\Amazon clone\\\\amazon-clone\\\\functions\",\"node_version\":\"14.15.0\"}"}}
[debug] [2020-12-11T08:04:35.124Z] [runtime-status] [6208] Disabled runtime features: undefined {"metadata":{"emulator":{"name":"functions"},"function":{"name":"api"},"message":"[runtime-status] [6208] Disabled runtime features: undefined"}}
[debug] [2020-12-11T08:04:35.131Z] [runtime-status] [6208] Resolved module firebase-admin {"declared":true,"installed":true,"version":"9.4.2","resolution":"D:\\Large Projects\\Amazon clone\\amazon-clone\\functions\\node_modules\\firebase-admin\\lib\\index.js"} {"metadata":{"emulator":{"name":"functions"},"function":{"name":"api"},"message":"[runtime-status] [6208] Resolved module firebase-admin {\"declared\":true,\"installed\":true,\"version\":\"9.4.2\",\"resolution\":\"D:\\\\Large Projects\\\\Amazon clone\\\\amazon-clone\\\\functions\\\\node_modules\\\\firebase-admin\\\\lib\\\\index.js\"}"}}
[debug] [2020-12-11T08:04:35.142Z] [runtime-status] [6208] Resolved module firebase-functions {"declared":true,"installed":true,"version":"3.13.0","resolution":"D:\\Large Projects\\Amazon clone\\amazon-clone\\functions\\node_modules\\firebase-functions\\lib\\index.js"} {"metadata":{"emulator":{"name":"functions"},"function":{"name":"api"},"message":"[runtime-status] [6208] Resolved module firebase-functions {\"declared\":true,\"installed\":true,\"version\":\"3.13.0\",\"resolution\":\"D:\\\\Large Projects\\\\Amazon clone\\\\amazon-clone\\\\functions\\\\node_modules\\\\firebase-functions\\\\lib\\\\index.js\"}"}}
[debug] [2020-12-11T08:04:35.148Z] [runtime-status] [6208] Resolved module firebase-functions {"declared":true,"installed":true,"version":"3.13.0","resolution":"D:\\Large Projects\\Amazon clone\\amazon-clone\\functions\\node_modules\\firebase-functions\\lib\\index.js"} {"metadata":{"emulator":{"name":"functions"},"function":{"name":"api"},"message":"[runtime-status] [6208] Resolved module firebase-functions {\"declared\":true,\"installed\":true,\"version\":\"3.13.0\",\"resolution\":\"D:\\\\Large Projects\\\\Amazon clone\\\\amazon-clone\\\\functions\\\\node_modules\\\\firebase-functions\\\\lib\\\\index.js\"}"}}
[debug] [2020-12-11T08:04:35.153Z] [runtime-status] [6208] Outgoing network have been stubbed. [{"name":"http","status":"mocked"},{"name":"http","status":"mocked"},{"name":"https","status":"mocked"},{"name":"https","status":"mocked"},{"name":"net","status":"mocked"}] {"metadata":{"emulator":{"name":"functions"},"function":{"name":"api"},"message":"[runtime-status] [6208] Outgoing network have been stubbed. [{\"name\":\"http\",\"status\":\"mocked\"},{\"name\":\"http\",\"status\":\"mocked\"},{\"name\":\"https\",\"status\":\"mocked\"},{\"name\":\"https\",\"status\":\"mocked\"},{\"name\":\"net\",\"status\":\"mocked\"}]"}}
[debug] [2020-12-11T08:04:35.154Z] [runtime-status] [6208] Resolved module firebase-functions {"declared":true,"installed":true,"version":"3.13.0","resolution":"D:\\Large Projects\\Amazon clone\\amazon-clone\\functions\\node_modules\\firebase-functions\\lib\\index.js"} {"metadata":{"emulator":{"name":"functions"},"function":{"name":"api"},"message":"[runtime-status] [6208] Resolved module firebase-functions {\"declared\":true,\"installed\":true,\"version\":\"3.13.0\",\"resolution\":\"D:\\\\Large Projects\\\\Amazon clone\\\\amazon-clone\\\\functions\\\\node_modules\\\\firebase-functions\\\\lib\\\\index.js\"}"}}
[debug] [2020-12-11T08:04:35.310Z] [runtime-status] [6208] Checked functions.config() {"config":{}} {"metadata":{"emulator":{"name":"functions"},"function":{"name":"api"},"message":"[runtime-status] [6208] Checked functions.config() {\"config\":{}}"}}
[debug] [2020-12-11T08:04:35.311Z] [runtime-status] [6208] firebase-functions has been stubbed. {"functionsResolution":{"declared":true,"installed":true,"version":"3.13.0","resolution":"D:\\Large Projects\\Amazon clone\\amazon-clone\\functions\\node_modules\\firebase-functions\\lib\\index.js"}} {"metadata":{"emulator":{"name":"functions"},"function":{"name":"api"},"message":"[runtime-status] [6208] firebase-functions has been stubbed. {\"functionsResolution\":{\"declared\":true,\"installed\":true,\"version\":\"3.13.0\",\"resolution\":\"D:\\\\Large Projects\\\\Amazon clone\\\\amazon-clone\\\\functions\\\\node_modules\\\\firebase-functions\\\\lib\\\\index.js\"}}"}}
[debug] [2020-12-11T08:04:35.313Z] [runtime-status] [6208] Resolved module firebase-functions {"declared":true,"installed":true,"version":"3.13.0","resolution":"D:\\Large Projects\\Amazon clone\\amazon-clone\\functions\\node_modules\\firebase-functions\\lib\\index.js"} {"metadata":{"emulator":{"name":"functions"},"function":{"name":"api"},"message":"[runtime-status] [6208] Resolved module firebase-functions {\"declared\":true,\"installed\":true,\"version\":\"3.13.0\",\"resolution\":\"D:\\\\Large Projects\\\\Amazon clone\\\\amazon-clone\\\\functions\\\\node_modules\\\\firebase-functions\\\\lib\\\\index.js\"}"}}
[debug] [2020-12-11T08:04:35.315Z] [runtime-status] [6208] Resolved module firebase-admin {"declared":true,"installed":true,"version":"9.4.2","resolution":"D:\\Large Projects\\Amazon clone\\amazon-clone\\functions\\node_modules\\firebase-admin\\lib\\index.js"} {"metadata":{"emulator":{"name":"functions"},"function":{"name":"api"},"message":"[runtime-status] [6208] Resolved module firebase-admin {\"declared\":true,\"installed\":true,\"version\":\"9.4.2\",\"resolution\":\"D:\\\\Large Projects\\\\Amazon clone\\\\amazon-clone\\\\functions\\\\node_modules\\\\firebase-admin\\\\lib\\\\index.js\"}"}}
[debug] [2020-12-11T08:04:35.318Z] [runtime-status] [6208] Resolved module firebase-functions {"declared":true,"installed":true,"version":"3.13.0","resolution":"D:\\Large Projects\\Amazon clone\\amazon-clone\\functions\\node_modules\\firebase-functions\\lib\\index.js"} {"metadata":{"emulator":{"name":"functions"},"function":{"name":"api"},"message":"[runtime-status] [6208] Resolved module firebase-functions {\"declared\":true,\"installed\":true,\"version\":\"3.13.0\",\"resolution\":\"D:\\\\Large Projects\\\\Amazon clone\\\\amazon-clone\\\\functions\\\\node_modules\\\\firebase-functions\\\\lib\\\\index.js\"}"}}
[debug] [2020-12-11T08:04:35.319Z] [runtime-status] [6208] firebase-admin has been stubbed. {"adminResolution":{"declared":true,"installed":true,"version":"9.4.2","resolution":"D:\\Large Projects\\Amazon clone\\amazon-clone\\functions\\node_modules\\firebase-admin\\lib\\index.js"}} {"metadata":{"emulator":{"name":"functions"},"function":{"name":"api"},"message":"[runtime-status] [6208] firebase-admin has been stubbed. {\"adminResolution\":{\"declared\":true,\"installed\":true,\"version\":\"9.4.2\",\"resolution\":\"D:\\\\Large Projects\\\\Amazon clone\\\\amazon-clone\\\\functions\\\\node_modules\\\\firebase-admin\\\\lib\\\\index.js\"}}"}}
[debug] [2020-12-11T08:04:35.650Z] [runtime-status] [6208] Trigger "api" has been found, beginning invocation! {"metadata":{"emulator":{"name":"functions"},"function":{"name":"api"},"message":"[runtime-status] [6208] Trigger \"api\" has been found, beginning invocation!"}}
[info] i  functions: Beginning execution of "api" {"metadata":{"emulator":{"name":"functions"},"function":{"name":"api"},"message":"Beginning execution of \"api\""}}
[debug] [2020-12-11T08:04:35.652Z] [runtime-status] [6208] triggerDefinition {"httpsTrigger":{},"name":"api","entryPoint":"api"} {"metadata":{"emulator":{"name":"functions"},"function":{"name":"api"},"message":"[runtime-status] [6208] triggerDefinition {\"httpsTrigger\":{},\"name\":\"api\",\"entryPoint\":\"api\"}"}}
[debug] [2020-12-11T08:04:35.652Z] [runtime-status] [6208] Running api in mode HTTPS {"metadata":{"emulator":{"name":"functions"},"function":{"name":"api"},"message":"[runtime-status] [6208] Running api in mode HTTPS"}}
[debug] [2020-12-11T08:04:35.658Z] [runtime-status] [6208] Attempting to listen to socketPath: \\?\pipe\D:\Large Projects\Amazon clone\amazon-clone\functions\6208 {"metadata":{"emulator":{"name":"functions"},"function":{"name":"api"},"message":"[runtime-status] [6208] Attempting to listen to socketPath: \\\\?\\pipe\\D:\\Large Projects\\Amazon clone\\amazon-clone\\functions\\6208"}}
[debug] [2020-12-11T08:04:35.664Z] [functions] Runtime ready! Sending request! {"metadata":{"emulator":{"name":"functions"},"message":"[functions] Runtime ready! Sending request!"}}
[debug] [2020-12-11T08:04:35.691Z] [runtime-status] [6208] Ephemeral server handling POST request {"metadata":{"emulator":{"name":"functions"},"function":{"name":"api"},"message":"[runtime-status] [6208] Ephemeral server handling POST request"}}
[info] >  Payment request recieved !!! 6929700 {"user":"Payment request recieved !!! 6929700","metadata":{"emulator":{"name":"functions"},"function":{"name":"api"},"message":"\u001b[90m> \u001b[39m Payment request recieved !!! 6929700"}}
[debug] [2020-12-11T08:04:35.722Z] [runtime-status] [6208] Ephemeral server survived. {"metadata":{"emulator":{"name":"functions"},"function":{"name":"api"},"message":"[runtime-status] [6208] Ephemeral server survived."}}
[info] i  functions: Finished "api" in ~1s {"metadata":{"emulator":{"name":"functions"},"function":{"name":"api"},"message":"Finished \"api\" in ~1s"}}
[debug] [2020-12-11T08:04:36.891Z] [worker-api-717dadf4-55c2-4475-9257-da9d0b83b6da]: IDLE {"metadata":{"emulator":{"name":"functions"},"message":"[worker-api-717dadf4-55c2-4475-9257-da9d0b83b6da]: IDLE"}}
[debug] [2020-12-11T08:04:36.891Z] [work-queue] {"queueLength":0,"workRunningCount":0}
[debug] [2020-12-11T08:04:49.598Z] [work-queue] {"queueLength":1,"workRunningCount":0}
[debug] [2020-12-11T08:04:49.598Z] [work-queue] {"queueLength":0,"workRunningCount":1}
[debug] [2020-12-11T08:04:49.598Z] Accepted request POST /clone-3094e/us-central1/api/payments/create?total=0 --> api
[debug] [2020-12-11T08:04:49.599Z] [worker-pool] submitWork(triggerId=api) {"metadata":{"emulator":{"name":"functions"},"message":"[worker-pool] submitWork(triggerId=api)"}}
[debug] [2020-12-11T08:04:49.599Z] [worker-api-717dadf4-55c2-4475-9257-da9d0b83b6da]: Assigning socketPath: \\?\pipe\D:\Large Projects\Amazon clone\amazon-clone\functions\6208 {"metadata":{"emulator":{"name":"functions"},"message":"[worker-api-717dadf4-55c2-4475-9257-da9d0b83b6da]: Assigning socketPath: \\\\?\\pipe\\D:\\Large Projects\\Amazon clone\\amazon-clone\\functions\\6208"}}
[debug] [2020-12-11T08:04:49.599Z] [worker-api-717dadf4-55c2-4475-9257-da9d0b83b6da]: BUSY {"metadata":{"emulator":{"name":"functions"},"message":"[worker-api-717dadf4-55c2-4475-9257-da9d0b83b6da]: BUSY"}}
[debug] [2020-12-11T08:04:49.601Z] [runtime-status] [6208] Trigger "api" has been found, beginning invocation! {"metadata":{"emulator":{"name":"functions"},"function":{"name":"api"},"message":"[runtime-status] [6208] Trigger \"api\" has been found, beginning invocation!"}}
[info] i  functions: Beginning execution of "api" {"metadata":{"emulator":{"name":"functions"},"function":{"name":"api"},"message":"Beginning execution of \"api\""}}
[debug] [2020-12-11T08:04:49.605Z] [runtime-status] [6208] triggerDefinition {"httpsTrigger":{},"name":"api","entryPoint":"api"} {"metadata":{"emulator":{"name":"functions"},"function":{"name":"api"},"message":"[runtime-status] [6208] triggerDefinition {\"httpsTrigger\":{},\"name\":\"api\",\"entryPoint\":\"api\"}"}}
[debug] [2020-12-11T08:04:49.605Z] [runtime-status] [6208] Running api in mode HTTPS {"metadata":{"emulator":{"name":"functions"},"function":{"name":"api"},"message":"[runtime-status] [6208] Running api in mode HTTPS"}}
[debug] [2020-12-11T08:04:49.606Z] [runtime-status] [6208] Attempting to listen to socketPath: \\?\pipe\D:\Large Projects\Amazon clone\amazon-clone\functions\6208 {"metadata":{"emulator":{"name":"functions"},"function":{"name":"api"},"message":"[runtime-status] [6208] Attempting to listen to socketPath: \\\\?\\pipe\\D:\\Large Projects\\Amazon clone\\amazon-clone\\functions\\6208"}}
[debug] [2020-12-11T08:04:49.610Z] [functions] Runtime ready! Sending request! {"metadata":{"emulator":{"name":"functions"},"message":"[functions] Runtime ready! Sending request!"}}
[debug] [2020-12-11T08:04:49.616Z] [runtime-status] [6208] Ephemeral server handling POST request {"metadata":{"emulator":{"name":"functions"},"function":{"name":"api"},"message":"[runtime-status] [6208] Ephemeral server handling POST request"}}
[info] >  Payment request recieved !!! 0 {"user":"Payment request recieved !!! 0","metadata":{"emulator":{"name":"functions"},"function":{"name":"api"},"message":"\u001b[90m> \u001b[39m Payment request recieved !!! 0"}}
[debug] [2020-12-11T08:04:49.632Z] [runtime-status] [6208] Ephemeral server survived. {"metadata":{"emulator":{"name":"functions"},"function":{"name":"api"},"message":"[runtime-status] [6208] Ephemeral server survived."}}
[info] >  (node:6208) UnhandledPromiseRejectionWarning: Error: This value must be greater than or equal to 1. {"user":"(node:6208) UnhandledPromiseRejectionWarning: Error: This value must be greater than or equal to 1.","metadata":{"emulator":{"name":"functions"},"function":{"name":"api"},"message":"\u001b[90m> \u001b[39m (node:6208) UnhandledPromiseRejectionWarning: Error: This value must be greater than or equal to 1."}}
[info] >      at Function.generate (D:\Large Projects\Amazon clone\amazon-clone\functions\node_modules\stripe\lib\Error.js:40:16) {"user":"    at Function.generate (D:\\Large Projects\\Amazon clone\\amazon-clone\\functions\\node_modules\\stripe\\lib\\Error.js:40:16)","metadata":{"emulator":{"name":"functions"},"function":{"name":"api"},"message":"\u001b[90m> \u001b[39m     at Function.generate (D:\\Large Projects\\Amazon clone\\amazon-clone\\functions\\node_modules\\stripe\\lib\\Error.js:40:16)"}}
[info] >      at IncomingMessage.<anonymous> (D:\Large Projects\Amazon clone\amazon-clone\functions\node_modules\stripe\lib\StripeResource.js:190:33) {"user":"    at IncomingMessage.<anonymous> (D:\\Large Projects\\Amazon clone\\amazon-clone\\functions\\node_modules\\stripe\\lib\\StripeResource.js:190:33)","metadata":{"emulator":{"name":"functions"},"function":{"name":"api"},"message":"\u001b[90m> \u001b[39m     at IncomingMessage.<anonymous> (D:\\Large Projects\\Amazon clone\\amazon-clone\\functions\\node_modules\\stripe\\lib\\StripeResource.js:190:33)"}}
[info] >      at Object.onceWrapper (events.js:421:28) {"user":"    at Object.onceWrapper (events.js:421:28)","metadata":{"emulator":{"name":"functions"},"function":{"name":"api"},"message":"\u001b[90m> \u001b[39m     at Object.onceWrapper (events.js:421:28)"}}
[info] >      at IncomingMessage.emit (events.js:327:22) {"user":"    at IncomingMessage.emit (events.js:327:22)","metadata":{"emulator":{"name":"functions"},"function":{"name":"api"},"message":"\u001b[90m> \u001b[39m     at IncomingMessage.emit (events.js:327:22)"}}
[info] >      at endReadableNT (_stream_readable.js:1327:12) {"user":"    at endReadableNT (_stream_readable.js:1327:12)","metadata":{"emulator":{"name":"functions"},"function":{"name":"api"},"message":"\u001b[90m> \u001b[39m     at endReadableNT (_stream_readable.js:1327:12)"}}
[info] >      at processTicksAndRejections (internal/process/task_queues.js:80:21) {"user":"    at processTicksAndRejections (internal/process/task_queues.js:80:21)","metadata":{"emulator":{"name":"functions"},"function":{"name":"api"},"message":"\u001b[90m> \u001b[39m     at processTicksAndRejections (internal/process/task_queues.js:80:21)"}}
[info] >  (Use `node --trace-warnings ...` to show where the warning was created) {"user":"(Use `node --trace-warnings ...` to show where the warning was created)","metadata":{"emulator":{"name":"functions"},"function":{"name":"api"},"message":"\u001b[90m> \u001b[39m (Use `node --trace-warnings ...` to show where the warning was created)"}}
[info] >  (node:6208) UnhandledPromiseRejectionWarning: Unhandled promise rejection. This error originated either by throwing inside of an async function without a catch block, or by rejecting a promise which was not handled with .catch(). To terminate the node process on unhandled promise rejection, use the CLI flag `--unhandled-rejections=strict` (see https://nodejs.org/api/cli.html#cli_unhandled_rejections_mode). (rejection id: 1) {"user":"(node:6208) UnhandledPromiseRejectionWarning: Unhandled promise rejection. This error originated either by throwing inside of an async function without a catch block, or by rejecting a promise which was not handled with .catch(). To terminate the node process on unhandled promise rejection, use the CLI flag `--unhandled-rejections=strict` (see https://nodejs.org/api/cli.html#cli_unhandled_rejections_mode). (rejection id: 1)","metadata":{"emulator":{"name":"functions"},"function":{"name":"api"},"message":"\u001b[90m> \u001b[39m (node:6208) UnhandledPromiseRejectionWarning: Unhandled promise rejection. This error originated either by throwing inside of an async function without a catch block, or by rejecting a promise which was not handled with .catch(). To terminate the node process on unhandled promise rejection, use the CLI flag `--unhandled-rejections=strict` (see https://nodejs.org/api/cli.html#cli_unhandled_rejections_mode). (rejection id: 1)"}}
[info] >  (node:6208) [DEP0018] DeprecationWarning: Unhandled promise rejections are deprecated. In the future, promise rejections that are not handled will terminate the Node.js process with a non-zero exit code. {"user":"(node:6208) [DEP0018] DeprecationWarning: Unhandled promise rejections are deprecated. In the future, promise rejections that are not handled will terminate the Node.js process with a non-zero exit code.","metadata":{"emulator":{"name":"functions"},"function":{"name":"api"},"message":"\u001b[90m> \u001b[39m (node:6208) [DEP0018] DeprecationWarning: Unhandled promise rejections are deprecated. In the future, promise rejections that are not handled will terminate the Node.js process with a non-zero exit code."}}
[warn] !  functions: Your function timed out after ~60s. To configure this timeout, see
      https://firebase.google.com/docs/functions/manage-functions#set_timeout_and_memory_allocation. {"metadata":{"emulator":{"name":"functions"},"function":{"name":"api"},"message":"Your function timed out after ~60s. To configure this timeout, see\n      https://firebase.google.com/docs/functions/manage-functions#set_timeout_and_memory_allocation."}}
[info] >  C:\Users\asus\AppData\Roaming\npm\node_modules\firebase-tools\lib\emulator\functionsEmulatorRuntime.js:668 {"user":"C:\\Users\\asus\\AppData\\Roaming\\npm\\node_modules\\firebase-tools\\lib\\emulator\\functionsEmulatorRuntime.js:668\r","metadata":{"emulator":{"name":"functions"},"function":{"name":"api"},"message":"\u001b[90m> \u001b[39m C:\\Users\\asus\\AppData\\Roaming\\npm\\node_modules\\firebase-tools\\lib\\emulator\\functionsEmulatorRuntime.js:668\r"}}
[info] >                  throw new Error("Function timed out."); {"user":"                throw new Error(\"Function timed out.\");\r","metadata":{"emulator":{"name":"functions"},"function":{"name":"api"},"message":"\u001b[90m> \u001b[39m                 throw new Error(\"Function timed out.\");\r"}}
[info] >                  ^ {"user":"                ^\r","metadata":{"emulator":{"name":"functions"},"function":{"name":"api"},"message":"\u001b[90m> \u001b[39m                 ^\r"}}
[info] >   {"user":"\r","metadata":{"emulator":{"name":"functions"},"function":{"name":"api"},"message":"\u001b[90m> \u001b[39m \r"}}
[info] >  Error: Function timed out. {"user":"Error: Function timed out.\r","metadata":{"emulator":{"name":"functions"},"function":{"name":"api"},"message":"\u001b[90m> \u001b[39m Error: Function timed out.\r"}}
[info] >      at Timeout._onTimeout (C:\Users\asus\AppData\Roaming\npm\node_modules\firebase-tools\lib\emulator\functionsEmulatorRuntime.js:668:23) {"user":"    at Timeout._onTimeout (C:\\Users\\asus\\AppData\\Roaming\\npm\\node_modules\\firebase-tools\\lib\\emulator\\functionsEmulatorRuntime.js:668:23)\r","metadata":{"emulator":{"name":"functions"},"function":{"name":"api"},"message":"\u001b[90m> \u001b[39m     at Timeout._onTimeout (C:\\Users\\asus\\AppData\\Roaming\\npm\\node_modules\\firebase-tools\\lib\\emulator\\functionsEmulatorRuntime.js:668:23)\r"}}
[info] >      at listOnTimeout (internal/timers.js:554:17) {"user":"    at listOnTimeout (internal/timers.js:554:17)\r","metadata":{"emulator":{"name":"functions"},"function":{"name":"api"},"message":"\u001b[90m> \u001b[39m     at listOnTimeout (internal/timers.js:554:17)\r"}}
[info] >      at processTimers (internal/timers.js:497:7) {"user":"    at processTimers (internal/timers.js:497:7)\r","metadata":{"emulator":{"name":"functions"},"function":{"name":"api"},"message":"\u001b[90m> \u001b[39m     at processTimers (internal/timers.js:497:7)\r"}}
[debug] [2020-12-11T08:05:49.756Z] [worker-api-717dadf4-55c2-4475-9257-da9d0b83b6da]: exited {"metadata":{"emulator":{"name":"functions"},"message":"[worker-api-717dadf4-55c2-4475-9257-da9d0b83b6da]: exited"}}
[debug] [2020-12-11T08:05:49.756Z] [worker-api-717dadf4-55c2-4475-9257-da9d0b83b6da]: FINISHED {"metadata":{"emulator":{"name":"functions"},"message":"[worker-api-717dadf4-55c2-4475-9257-da9d0b83b6da]: FINISHED"}}
[debug] [2020-12-11T08:05:49.756Z] [work-queue] {"queueLength":0,"workRunningCount":0}
[debug] [2020-12-12T04:28:29.883Z] [work-queue] {"queueLength":1,"workRunningCount":0}
[debug] [2020-12-12T04:28:29.890Z] [work-queue] {"queueLength":0,"workRunningCount":1}
[debug] [2020-12-12T04:28:29.895Z] Accepted request POST /clone-3094e/us-central1/api/payments/create?total=4069600 --> api
[debug] [2020-12-12T04:28:29.898Z] [worker-pool] Cleaned up workers for api: 1 --> 0 {"metadata":{"emulator":{"name":"functions"},"message":"[worker-pool] Cleaned up workers for api: 1 --> 0"}}
[debug] [2020-12-12T04:28:30.179Z] [worker-pool] addWorker(api) {"metadata":{"emulator":{"name":"functions"},"message":"[worker-pool] addWorker(api)"}}
[debug] [2020-12-12T04:28:30.179Z] [worker-pool] Adding worker with key api, total=1 {"metadata":{"emulator":{"name":"functions"},"message":"[worker-pool] Adding worker with key api, total=1"}}
[debug] [2020-12-12T04:28:30.179Z] [worker-pool] submitWork(triggerId=api) {"metadata":{"emulator":{"name":"functions"},"message":"[worker-pool] submitWork(triggerId=api)"}}
[debug] [2020-12-12T04:28:30.179Z] [worker-api-61c992a6-641a-4302-afbe-ad4393f82cea]: Assigning socketPath: \\?\pipe\D:\Large Projects\Amazon clone\amazon-clone\functions\12008 {"metadata":{"emulator":{"name":"functions"},"message":"[worker-api-61c992a6-641a-4302-afbe-ad4393f82cea]: Assigning socketPath: \\\\?\\pipe\\D:\\Large Projects\\Amazon clone\\amazon-clone\\functions\\12008"}}
[debug] [2020-12-12T04:28:30.180Z] [worker-api-61c992a6-641a-4302-afbe-ad4393f82cea]: BUSY {"metadata":{"emulator":{"name":"functions"},"message":"[worker-api-61c992a6-641a-4302-afbe-ad4393f82cea]: BUSY"}}
[debug] [2020-12-12T04:28:32.638Z] [runtime-status] [12008] Functions runtime initialized. {"cwd":"D:\\Large Projects\\Amazon clone\\amazon-clone\\functions","node_version":"14.15.0"} {"metadata":{"emulator":{"name":"functions"},"function":{"name":"api"},"message":"[runtime-status] [12008] Functions runtime initialized. {\"cwd\":\"D:\\\\Large Projects\\\\Amazon clone\\\\amazon-clone\\\\functions\",\"node_version\":\"14.15.0\"}"}}
[debug] [2020-12-12T04:28:32.642Z] [runtime-status] [12008] Disabled runtime features: undefined {"metadata":{"emulator":{"name":"functions"},"function":{"name":"api"},"message":"[runtime-status] [12008] Disabled runtime features: undefined"}}
[debug] [2020-12-12T04:28:32.850Z] [runtime-status] [12008] Resolved module firebase-admin {"declared":true,"installed":true,"version":"9.4.2","resolution":"D:\\Large Projects\\Amazon clone\\amazon-clone\\functions\\node_modules\\firebase-admin\\lib\\index.js"} {"metadata":{"emulator":{"name":"functions"},"function":{"name":"api"},"message":"[runtime-status] [12008] Resolved module firebase-admin {\"declared\":true,\"installed\":true,\"version\":\"9.4.2\",\"resolution\":\"D:\\\\Large Projects\\\\Amazon clone\\\\amazon-clone\\\\functions\\\\node_modules\\\\firebase-admin\\\\lib\\\\index.js\"}"}}
[debug] [2020-12-12T04:28:32.904Z] [runtime-status] [12008] Resolved module firebase-functions {"declared":true,"installed":true,"version":"3.13.0","resolution":"D:\\Large Projects\\Amazon clone\\amazon-clone\\functions\\node_modules\\firebase-functions\\lib\\index.js"} {"metadata":{"emulator":{"name":"functions"},"function":{"name":"api"},"message":"[runtime-status] [12008] Resolved module firebase-functions {\"declared\":true,\"installed\":true,\"version\":\"3.13.0\",\"resolution\":\"D:\\\\Large Projects\\\\Amazon clone\\\\amazon-clone\\\\functions\\\\node_modules\\\\firebase-functions\\\\lib\\\\index.js\"}"}}
[debug] [2020-12-12T04:28:32.908Z] [runtime-status] [12008] Resolved module firebase-functions {"declared":true,"installed":true,"version":"3.13.0","resolution":"D:\\Large Projects\\Amazon clone\\amazon-clone\\functions\\node_modules\\firebase-functions\\lib\\index.js"} {"metadata":{"emulator":{"name":"functions"},"function":{"name":"api"},"message":"[runtime-status] [12008] Resolved module firebase-functions {\"declared\":true,\"installed\":true,\"version\":\"3.13.0\",\"resolution\":\"D:\\\\Large Projects\\\\Amazon clone\\\\amazon-clone\\\\functions\\\\node_modules\\\\firebase-functions\\\\lib\\\\index.js\"}"}}
[debug] [2020-12-12T04:28:32.911Z] [runtime-status] [12008] Outgoing network have been stubbed. [{"name":"http","status":"mocked"},{"name":"http","status":"mocked"},{"name":"https","status":"mocked"},{"name":"https","status":"mocked"},{"name":"net","status":"mocked"}] {"metadata":{"emulator":{"name":"functions"},"function":{"name":"api"},"message":"[runtime-status] [12008] Outgoing network have been stubbed. [{\"name\":\"http\",\"status\":\"mocked\"},{\"name\":\"http\",\"status\":\"mocked\"},{\"name\":\"https\",\"status\":\"mocked\"},{\"name\":\"https\",\"status\":\"mocked\"},{\"name\":\"net\",\"status\":\"mocked\"}]"}}
[debug] [2020-12-12T04:28:32.913Z] [runtime-status] [12008] Resolved module firebase-functions {"declared":true,"installed":true,"version":"3.13.0","resolution":"D:\\Large Projects\\Amazon clone\\amazon-clone\\functions\\node_modules\\firebase-functions\\lib\\index.js"} {"metadata":{"emulator":{"name":"functions"},"function":{"name":"api"},"message":"[runtime-status] [12008] Resolved module firebase-functions {\"declared\":true,\"installed\":true,\"version\":\"3.13.0\",\"resolution\":\"D:\\\\Large Projects\\\\Amazon clone\\\\amazon-clone\\\\functions\\\\node_modules\\\\firebase-functions\\\\lib\\\\index.js\"}"}}
[debug] [2020-12-12T04:28:33.766Z] [runtime-status] [12008] Checked functions.config() {"config":{}} {"metadata":{"emulator":{"name":"functions"},"function":{"name":"api"},"message":"[runtime-status] [12008] Checked functions.config() {\"config\":{}}"}}
[debug] [2020-12-12T04:28:33.787Z] [runtime-status] [12008] firebase-functions has been stubbed. {"functionsResolution":{"declared":true,"installed":true,"version":"3.13.0","resolution":"D:\\Large Projects\\Amazon clone\\amazon-clone\\functions\\node_modules\\firebase-functions\\lib\\index.js"}} {"metadata":{"emulator":{"name":"functions"},"function":{"name":"api"},"message":"[runtime-status] [12008] firebase-functions has been stubbed. {\"functionsResolution\":{\"declared\":true,\"installed\":true,\"version\":\"3.13.0\",\"resolution\":\"D:\\\\Large Projects\\\\Amazon clone\\\\amazon-clone\\\\functions\\\\node_modules\\\\firebase-functions\\\\lib\\\\index.js\"}}"}}
[debug] [2020-12-12T04:28:33.787Z] [runtime-status] [12008] Resolved module firebase-functions {"declared":true,"installed":true,"version":"3.13.0","resolution":"D:\\Large Projects\\Amazon clone\\amazon-clone\\functions\\node_modules\\firebase-functions\\lib\\index.js"} {"metadata":{"emulator":{"name":"functions"},"function":{"name":"api"},"message":"[runtime-status] [12008] Resolved module firebase-functions {\"declared\":true,\"installed\":true,\"version\":\"3.13.0\",\"resolution\":\"D:\\\\Large Projects\\\\Amazon clone\\\\amazon-clone\\\\functions\\\\node_modules\\\\firebase-functions\\\\lib\\\\index.js\"}"}}
[debug] [2020-12-12T04:28:33.788Z] [runtime-status] [12008] Resolved module firebase-admin {"declared":true,"installed":true,"version":"9.4.2","resolution":"D:\\Large Projects\\Amazon clone\\amazon-clone\\functions\\node_modules\\firebase-admin\\lib\\index.js"} {"metadata":{"emulator":{"name":"functions"},"function":{"name":"api"},"message":"[runtime-status] [12008] Resolved module firebase-admin {\"declared\":true,\"installed\":true,\"version\":\"9.4.2\",\"resolution\":\"D:\\\\Large Projects\\\\Amazon clone\\\\amazon-clone\\\\functions\\\\node_modules\\\\firebase-admin\\\\lib\\\\index.js\"}"}}
[debug] [2020-12-12T04:28:33.788Z] [runtime-status] [12008] Resolved module firebase-functions {"declared":true,"installed":true,"version":"3.13.0","resolution":"D:\\Large Projects\\Amazon clone\\amazon-clone\\functions\\node_modules\\firebase-functions\\lib\\index.js"} {"metadata":{"emulator":{"name":"functions"},"function":{"name":"api"},"message":"[runtime-status] [12008] Resolved module firebase-functions {\"declared\":true,\"installed\":true,\"version\":\"3.13.0\",\"resolution\":\"D:\\\\Large Projects\\\\Amazon clone\\\\amazon-clone\\\\functions\\\\node_modules\\\\firebase-functions\\\\lib\\\\index.js\"}"}}
[debug] [2020-12-12T04:28:33.789Z] [runtime-status] [12008] firebase-admin has been stubbed. {"adminResolution":{"declared":true,"installed":true,"version":"9.4.2","resolution":"D:\\Large Projects\\Amazon clone\\amazon-clone\\functions\\node_modules\\firebase-admin\\lib\\index.js"}} {"metadata":{"emulator":{"name":"functions"},"function":{"name":"api"},"message":"[runtime-status] [12008] firebase-admin has been stubbed. {\"adminResolution\":{\"declared\":true,\"installed\":true,\"version\":\"9.4.2\",\"resolution\":\"D:\\\\Large Projects\\\\Amazon clone\\\\amazon-clone\\\\functions\\\\node_modules\\\\firebase-admin\\\\lib\\\\index.js\"}}"}}
[debug] [2020-12-12T04:28:36.859Z] [runtime-status] [12008] Trigger "api" has been found, beginning invocation! {"metadata":{"emulator":{"name":"functions"},"function":{"name":"api"},"message":"[runtime-status] [12008] Trigger \"api\" has been found, beginning invocation!"}}
[info] i  functions: Beginning execution of "api" {"metadata":{"emulator":{"name":"functions"},"function":{"name":"api"},"message":"Beginning execution of \"api\""}}
[debug] [2020-12-12T04:28:36.866Z] [runtime-status] [12008] triggerDefinition {"httpsTrigger":{},"name":"api","entryPoint":"api"} {"metadata":{"emulator":{"name":"functions"},"function":{"name":"api"},"message":"[runtime-status] [12008] triggerDefinition {\"httpsTrigger\":{},\"name\":\"api\",\"entryPoint\":\"api\"}"}}
[debug] [2020-12-12T04:28:36.866Z] [runtime-status] [12008] Running api in mode HTTPS {"metadata":{"emulator":{"name":"functions"},"function":{"name":"api"},"message":"[runtime-status] [12008] Running api in mode HTTPS"}}
[debug] [2020-12-12T04:28:36.867Z] [runtime-status] [12008] Attempting to listen to socketPath: \\?\pipe\D:\Large Projects\Amazon clone\amazon-clone\functions\12008 {"metadata":{"emulator":{"name":"functions"},"function":{"name":"api"},"message":"[runtime-status] [12008] Attempting to listen to socketPath: \\\\?\\pipe\\D:\\Large Projects\\Amazon clone\\amazon-clone\\functions\\12008"}}
[debug] [2020-12-12T04:28:36.904Z] [functions] Runtime ready! Sending request! {"metadata":{"emulator":{"name":"functions"},"message":"[functions] Runtime ready! Sending request!"}}
[debug] [2020-12-12T04:28:36.986Z] [runtime-status] [12008] Ephemeral server handling POST request {"metadata":{"emulator":{"name":"functions"},"function":{"name":"api"},"message":"[runtime-status] [12008] Ephemeral server handling POST request"}}
[info] >  Payment request recieved !!! 4069600 {"user":"Payment request recieved !!! 4069600","metadata":{"emulator":{"name":"functions"},"function":{"name":"api"},"message":"\u001b[90m> \u001b[39m Payment request recieved !!! 4069600"}}
[debug] [2020-12-12T04:28:37.038Z] [runtime-status] [12008] Ephemeral server survived. {"metadata":{"emulator":{"name":"functions"},"function":{"name":"api"},"message":"[runtime-status] [12008] Ephemeral server survived."}}
[info] i  functions: Finished "api" in ~1s {"metadata":{"emulator":{"name":"functions"},"function":{"name":"api"},"message":"Finished \"api\" in ~1s"}}
[debug] [2020-12-12T04:28:38.301Z] [worker-api-61c992a6-641a-4302-afbe-ad4393f82cea]: IDLE {"metadata":{"emulator":{"name":"functions"},"message":"[worker-api-61c992a6-641a-4302-afbe-ad4393f82cea]: IDLE"}}
[debug] [2020-12-12T04:28:38.302Z] [work-queue] {"queueLength":0,"workRunningCount":0}
[debug] [2020-12-12T04:28:41.357Z] [work-queue] {"queueLength":1,"workRunningCount":0}
[debug] [2020-12-12T04:28:41.357Z] [work-queue] {"queueLength":0,"workRunningCount":1}
[debug] [2020-12-12T04:28:41.358Z] Accepted request POST /clone-3094e/us-central1/api/payments/create?total=4069600 --> api
[debug] [2020-12-12T04:28:41.359Z] [worker-pool] submitWork(triggerId=api) {"metadata":{"emulator":{"name":"functions"},"message":"[worker-pool] submitWork(triggerId=api)"}}
[debug] [2020-12-12T04:28:41.359Z] [worker-api-61c992a6-641a-4302-afbe-ad4393f82cea]: Assigning socketPath: \\?\pipe\D:\Large Projects\Amazon clone\amazon-clone\functions\12008 {"metadata":{"emulator":{"name":"functions"},"message":"[worker-api-61c992a6-641a-4302-afbe-ad4393f82cea]: Assigning socketPath: \\\\?\\pipe\\D:\\Large Projects\\Amazon clone\\amazon-clone\\functions\\12008"}}
[debug] [2020-12-12T04:28:41.360Z] [worker-api-61c992a6-641a-4302-afbe-ad4393f82cea]: BUSY {"metadata":{"emulator":{"name":"functions"},"message":"[worker-api-61c992a6-641a-4302-afbe-ad4393f82cea]: BUSY"}}
[debug] [2020-12-12T04:28:41.361Z] [runtime-status] [12008] Trigger "api" has been found, beginning invocation! {"metadata":{"emulator":{"name":"functions"},"function":{"name":"api"},"message":"[runtime-status] [12008] Trigger \"api\" has been found, beginning invocation!"}}
[info] i  functions: Beginning execution of "api" {"metadata":{"emulator":{"name":"functions"},"function":{"name":"api"},"message":"Beginning execution of \"api\""}}
[debug] [2020-12-12T04:28:41.368Z] [runtime-status] [12008] triggerDefinition {"httpsTrigger":{},"name":"api","entryPoint":"api"} {"metadata":{"emulator":{"name":"functions"},"function":{"name":"api"},"message":"[runtime-status] [12008] triggerDefinition {\"httpsTrigger\":{},\"name\":\"api\",\"entryPoint\":\"api\"}"}}
[debug] [2020-12-12T04:28:41.369Z] [runtime-status] [12008] Running api in mode HTTPS {"metadata":{"emulator":{"name":"functions"},"function":{"name":"api"},"message":"[runtime-status] [12008] Running api in mode HTTPS"}}
[debug] [2020-12-12T04:28:41.371Z] [runtime-status] [12008] Attempting to listen to socketPath: \\?\pipe\D:\Large Projects\Amazon clone\amazon-clone\functions\12008 {"metadata":{"emulator":{"name":"functions"},"function":{"name":"api"},"message":"[runtime-status] [12008] Attempting to listen to socketPath: \\\\?\\pipe\\D:\\Large Projects\\Amazon clone\\amazon-clone\\functions\\12008"}}
[debug] [2020-12-12T04:28:41.374Z] [functions] Runtime ready! Sending request! {"metadata":{"emulator":{"name":"functions"},"message":"[functions] Runtime ready! Sending request!"}}
[debug] [2020-12-12T04:28:41.384Z] [runtime-status] [12008] Ephemeral server handling POST request {"metadata":{"emulator":{"name":"functions"},"function":{"name":"api"},"message":"[runtime-status] [12008] Ephemeral server handling POST request"}}
[info] >  Payment request recieved !!! 4069600 {"user":"Payment request recieved !!! 4069600","metadata":{"emulator":{"name":"functions"},"function":{"name":"api"},"message":"\u001b[90m> \u001b[39m Payment request recieved !!! 4069600"}}
[debug] [2020-12-12T04:28:41.388Z] [runtime-status] [12008] Ephemeral server survived. {"metadata":{"emulator":{"name":"functions"},"function":{"name":"api"},"message":"[runtime-status] [12008] Ephemeral server survived."}}
[info] i  functions: Finished "api" in ~1s {"metadata":{"emulator":{"name":"functions"},"function":{"name":"api"},"message":"Finished \"api\" in ~1s"}}
[debug] [2020-12-12T04:28:41.818Z] [worker-api-61c992a6-641a-4302-afbe-ad4393f82cea]: IDLE {"metadata":{"emulator":{"name":"functions"},"message":"[worker-api-61c992a6-641a-4302-afbe-ad4393f82cea]: IDLE"}}
[debug] [2020-12-12T04:28:41.819Z] [work-queue] {"queueLength":0,"workRunningCount":0}
[debug] [2020-12-12T04:28:56.500Z] [work-queue] {"queueLength":1,"workRunningCount":0}
[debug] [2020-12-12T04:28:56.502Z] [work-queue] {"queueLength":0,"workRunningCount":1}
[debug] [2020-12-12T04:28:56.503Z] Accepted request POST /clone-3094e/us-central1/api/payments/create?total=0 --> api
[debug] [2020-12-12T04:28:56.503Z] [worker-pool] submitWork(triggerId=api) {"metadata":{"emulator":{"name":"functions"},"message":"[worker-pool] submitWork(triggerId=api)"}}
[debug] [2020-12-12T04:28:56.503Z] [worker-api-61c992a6-641a-4302-afbe-ad4393f82cea]: Assigning socketPath: \\?\pipe\D:\Large Projects\Amazon clone\amazon-clone\functions\12008 {"metadata":{"emulator":{"name":"functions"},"message":"[worker-api-61c992a6-641a-4302-afbe-ad4393f82cea]: Assigning socketPath: \\\\?\\pipe\\D:\\Large Projects\\Amazon clone\\amazon-clone\\functions\\12008"}}
[debug] [2020-12-12T04:28:56.504Z] [worker-api-61c992a6-641a-4302-afbe-ad4393f82cea]: BUSY {"metadata":{"emulator":{"name":"functions"},"message":"[worker-api-61c992a6-641a-4302-afbe-ad4393f82cea]: BUSY"}}
[debug] [2020-12-12T04:28:56.505Z] [runtime-status] [12008] Trigger "api" has been found, beginning invocation! {"metadata":{"emulator":{"name":"functions"},"function":{"name":"api"},"message":"[runtime-status] [12008] Trigger \"api\" has been found, beginning invocation!"}}
[info] i  functions: Beginning execution of "api" {"metadata":{"emulator":{"name":"functions"},"function":{"name":"api"},"message":"Beginning execution of \"api\""}}
[debug] [2020-12-12T04:28:56.508Z] [runtime-status] [12008] triggerDefinition {"httpsTrigger":{},"name":"api","entryPoint":"api"} {"metadata":{"emulator":{"name":"functions"},"function":{"name":"api"},"message":"[runtime-status] [12008] triggerDefinition {\"httpsTrigger\":{},\"name\":\"api\",\"entryPoint\":\"api\"}"}}
[debug] [2020-12-12T04:28:56.508Z] [runtime-status] [12008] Running api in mode HTTPS {"metadata":{"emulator":{"name":"functions"},"function":{"name":"api"},"message":"[runtime-status] [12008] Running api in mode HTTPS"}}
[debug] [2020-12-12T04:28:56.509Z] [runtime-status] [12008] Attempting to listen to socketPath: \\?\pipe\D:\Large Projects\Amazon clone\amazon-clone\functions\12008 {"metadata":{"emulator":{"name":"functions"},"function":{"name":"api"},"message":"[runtime-status] [12008] Attempting to listen to socketPath: \\\\?\\pipe\\D:\\Large Projects\\Amazon clone\\amazon-clone\\functions\\12008"}}
[debug] [2020-12-12T04:28:56.514Z] [functions] Runtime ready! Sending request! {"metadata":{"emulator":{"name":"functions"},"message":"[functions] Runtime ready! Sending request!"}}
[debug] [2020-12-12T04:28:56.519Z] [runtime-status] [12008] Ephemeral server handling POST request {"metadata":{"emulator":{"name":"functions"},"function":{"name":"api"},"message":"[runtime-status] [12008] Ephemeral server handling POST request"}}
[info] >  Payment request recieved !!! 0 {"user":"Payment request recieved !!! 0","metadata":{"emulator":{"name":"functions"},"function":{"name":"api"},"message":"\u001b[90m> \u001b[39m Payment request recieved !!! 0"}}
[debug] [2020-12-12T04:28:56.522Z] [runtime-status] [12008] Ephemeral server survived. {"metadata":{"emulator":{"name":"functions"},"function":{"name":"api"},"message":"[runtime-status] [12008] Ephemeral server survived."}}
[info] >  (node:12008) UnhandledPromiseRejectionWarning: Error: This value must be greater than or equal to 1. {"user":"(node:12008) UnhandledPromiseRejectionWarning: Error: This value must be greater than or equal to 1.","metadata":{"emulator":{"name":"functions"},"function":{"name":"api"},"message":"\u001b[90m> \u001b[39m (node:12008) UnhandledPromiseRejectionWarning: Error: This value must be greater than or equal to 1."}}
[info] >      at Function.generate (D:\Large Projects\Amazon clone\amazon-clone\functions\node_modules\stripe\lib\Error.js:40:16) {"user":"    at Function.generate (D:\\Large Projects\\Amazon clone\\amazon-clone\\functions\\node_modules\\stripe\\lib\\Error.js:40:16)","metadata":{"emulator":{"name":"functions"},"function":{"name":"api"},"message":"\u001b[90m> \u001b[39m     at Function.generate (D:\\Large Projects\\Amazon clone\\amazon-clone\\functions\\node_modules\\stripe\\lib\\Error.js:40:16)"}}
[info] >      at IncomingMessage.<anonymous> (D:\Large Projects\Amazon clone\amazon-clone\functions\node_modules\stripe\lib\StripeResource.js:190:33) {"user":"    at IncomingMessage.<anonymous> (D:\\Large Projects\\Amazon clone\\amazon-clone\\functions\\node_modules\\stripe\\lib\\StripeResource.js:190:33)","metadata":{"emulator":{"name":"functions"},"function":{"name":"api"},"message":"\u001b[90m> \u001b[39m     at IncomingMessage.<anonymous> (D:\\Large Projects\\Amazon clone\\amazon-clone\\functions\\node_modules\\stripe\\lib\\StripeResource.js:190:33)"}}
[info] >      at Object.onceWrapper (events.js:421:28) {"user":"    at Object.onceWrapper (events.js:421:28)","metadata":{"emulator":{"name":"functions"},"function":{"name":"api"},"message":"\u001b[90m> \u001b[39m     at Object.onceWrapper (events.js:421:28)"}}
[info] >      at IncomingMessage.emit (events.js:327:22) {"user":"    at IncomingMessage.emit (events.js:327:22)","metadata":{"emulator":{"name":"functions"},"function":{"name":"api"},"message":"\u001b[90m> \u001b[39m     at IncomingMessage.emit (events.js:327:22)"}}
[info] >      at endReadableNT (_stream_readable.js:1327:12) {"user":"    at endReadableNT (_stream_readable.js:1327:12)","metadata":{"emulator":{"name":"functions"},"function":{"name":"api"},"message":"\u001b[90m> \u001b[39m     at endReadableNT (_stream_readable.js:1327:12)"}}
[info] >      at processTicksAndRejections (internal/process/task_queues.js:80:21) {"user":"    at processTicksAndRejections (internal/process/task_queues.js:80:21)","metadata":{"emulator":{"name":"functions"},"function":{"name":"api"},"message":"\u001b[90m> \u001b[39m     at processTicksAndRejections (internal/process/task_queues.js:80:21)"}}
[info] >  (Use `node --trace-warnings ...` to show where the warning was created) {"user":"(Use `node --trace-warnings ...` to show where the warning was created)","metadata":{"emulator":{"name":"functions"},"function":{"name":"api"},"message":"\u001b[90m> \u001b[39m (Use `node --trace-warnings ...` to show where the warning was created)"}}
[info] >  (node:12008) UnhandledPromiseRejectionWarning: Unhandled promise rejection. This error originated either by throwing inside of an async function without a catch block, or by rejecting a promise which was not handled with .catch(). To terminate the node process on unhandled promise rejection, use the CLI flag `--unhandled-rejections=strict` (see https://nodejs.org/api/cli.html#cli_unhandled_rejections_mode). (rejection id: 1) {"user":"(node:12008) UnhandledPromiseRejectionWarning: Unhandled promise rejection. This error originated either by throwing inside of an async function without a catch block, or by rejecting a promise which was not handled with .catch(). To terminate the node process on unhandled promise rejection, use the CLI flag `--unhandled-rejections=strict` (see https://nodejs.org/api/cli.html#cli_unhandled_rejections_mode). (rejection id: 1)","metadata":{"emulator":{"name":"functions"},"function":{"name":"api"},"message":"\u001b[90m> \u001b[39m (node:12008) UnhandledPromiseRejectionWarning: Unhandled promise rejection. This error originated either by throwing inside of an async function without a catch block, or by rejecting a promise which was not handled with .catch(). To terminate the node process on unhandled promise rejection, use the CLI flag `--unhandled-rejections=strict` (see https://nodejs.org/api/cli.html#cli_unhandled_rejections_mode). (rejection id: 1)"}}
[info] >  (node:12008) [DEP0018] DeprecationWarning: Unhandled promise rejections are deprecated. In the future, promise rejections that are not handled will terminate the Node.js process with a non-zero exit code. {"user":"(node:12008) [DEP0018] DeprecationWarning: Unhandled promise rejections are deprecated. In the future, promise rejections that are not handled will terminate the Node.js process with a non-zero exit code.","metadata":{"emulator":{"name":"functions"},"function":{"name":"api"},"message":"\u001b[90m> \u001b[39m (node:12008) [DEP0018] DeprecationWarning: Unhandled promise rejections are deprecated. In the future, promise rejections that are not handled will terminate the Node.js process with a non-zero exit code."}}
[warn] !  functions: Your function timed out after ~60s. To configure this timeout, see
      https://firebase.google.com/docs/functions/manage-functions#set_timeout_and_memory_allocation. {"metadata":{"emulator":{"name":"functions"},"function":{"name":"api"},"message":"Your function timed out after ~60s. To configure this timeout, see\n      https://firebase.google.com/docs/functions/manage-functions#set_timeout_and_memory_allocation."}}
[info] >  C:\Users\asus\AppData\Roaming\npm\node_modules\firebase-tools\lib\emulator\functionsEmulatorRuntime.js:668 {"user":"C:\\Users\\asus\\AppData\\Roaming\\npm\\node_modules\\firebase-tools\\lib\\emulator\\functionsEmulatorRuntime.js:668\r","metadata":{"emulator":{"name":"functions"},"function":{"name":"api"},"message":"\u001b[90m> \u001b[39m C:\\Users\\asus\\AppData\\Roaming\\npm\\node_modules\\firebase-tools\\lib\\emulator\\functionsEmulatorRuntime.js:668\r"}}
[info] >                  throw new Error("Function timed out."); {"user":"                throw new Error(\"Function timed out.\");\r","metadata":{"emulator":{"name":"functions"},"function":{"name":"api"},"message":"\u001b[90m> \u001b[39m                 throw new Error(\"Function timed out.\");\r"}}
[info] >                  ^ {"user":"                ^\r","metadata":{"emulator":{"name":"functions"},"function":{"name":"api"},"message":"\u001b[90m> \u001b[39m                 ^\r"}}
[info] >   {"user":"\r","metadata":{"emulator":{"name":"functions"},"function":{"name":"api"},"message":"\u001b[90m> \u001b[39m \r"}}
[info] >  Error: Function timed out. {"user":"Error: Function timed out.\r","metadata":{"emulator":{"name":"functions"},"function":{"name":"api"},"message":"\u001b[90m> \u001b[39m Error: Function timed out.\r"}}
[info] >      at Timeout._onTimeout (C:\Users\asus\AppData\Roaming\npm\node_modules\firebase-tools\lib\emulator\functionsEmulatorRuntime.js:668:23) {"user":"    at Timeout._onTimeout (C:\\Users\\asus\\AppData\\Roaming\\npm\\node_modules\\firebase-tools\\lib\\emulator\\functionsEmulatorRuntime.js:668:23)\r","metadata":{"emulator":{"name":"functions"},"function":{"name":"api"},"message":"\u001b[90m> \u001b[39m     at Timeout._onTimeout (C:\\Users\\asus\\AppData\\Roaming\\npm\\node_modules\\firebase-tools\\lib\\emulator\\functionsEmulatorRuntime.js:668:23)\r"}}
[info] >      at listOnTimeout (internal/timers.js:554:17) {"user":"    at listOnTimeout (internal/timers.js:554:17)\r","metadata":{"emulator":{"name":"functions"},"function":{"name":"api"},"message":"\u001b[90m> \u001b[39m     at listOnTimeout (internal/timers.js:554:17)\r"}}
[info] >      at processTimers (internal/timers.js:497:7) {"user":"    at processTimers (internal/timers.js:497:7)\r","metadata":{"emulator":{"name":"functions"},"function":{"name":"api"},"message":"\u001b[90m> \u001b[39m     at processTimers (internal/timers.js:497:7)\r"}}
[debug] [2020-12-12T04:29:56.604Z] [worker-api-61c992a6-641a-4302-afbe-ad4393f82cea]: exited {"metadata":{"emulator":{"name":"functions"},"message":"[worker-api-61c992a6-641a-4302-afbe-ad4393f82cea]: exited"}}
[debug] [2020-12-12T04:29:56.604Z] [worker-api-61c992a6-641a-4302-afbe-ad4393f82cea]: FINISHED {"metadata":{"emulator":{"name":"functions"},"message":"[worker-api-61c992a6-641a-4302-afbe-ad4393f82cea]: FINISHED"}}
[debug] [2020-12-12T04:29:56.604Z] [work-queue] {"queueLength":0,"workRunningCount":0}
